2026-04-07 07:38:33 - Nettoyage effectué: 0 fichiers supprimés
2026-04-07 07:38:33 - Last update ID lu: 870808001
2026-04-07 07:38:34 - Updates reçus: 0
2026-04-07 07:39:15 - Nettoyage effectué: 0 fichiers supprimés
2026-04-07 07:39:15 - Last update ID lu: 870808001
2026-04-07 07:39:18 - Updates reçus: 0
2026-04-07 07:40:56 - Nettoyage effectué: 0 fichiers supprimés
2026-04-07 07:40:56 - Last update ID lu: 870808001
2026-04-07 07:41:00 - Updates reçus: 0
2026-04-07 07:41:03 - Nettoyage effectué: 0 fichiers supprimés
2026-04-07 07:41:03 - Last update ID lu: 870808001
2026-04-07 07:41:03 - Updates reçus: 0
2026-04-07 07:41:48 - Nettoyage effectué: 0 fichiers supprimés
2026-04-07 07:41:48 - Last update ID lu: 870808001
2026-04-07 07:41:48 - Updates reçus: 0
2026-04-07 07:42:08 - Nettoyage effectué: 0 fichiers supprimés
2026-04-07 07:42:08 - Last update ID lu: 870808001
2026-04-07 07:42:12 - Updates reçus: 0
2026-04-07 07:42:32 - Nettoyage effectué: 0 fichiers supprimés
2026-04-07 07:42:32 - Last update ID lu: 870808001
2026-04-07 07:42:36 - Updates reçus: 0
2026-04-07 07:42:36 - Nettoyage effectué: 0 fichiers supprimés
2026-04-07 07:42:36 - Last update ID lu: 870808001
2026-04-07 07:42:36 - Updates reçus: 0
2026-04-07 07:42:42 - Nettoyage effectué: 0 fichiers supprimés
2026-04-07 07:42:42 - Last update ID lu: 870808001
2026-04-07 07:42:43 - Updates reçus: 0
2026-04-07 07:42:46 - Nettoyage effectué: 0 fichiers supprimés
2026-04-07 07:42:46 - Last update ID lu: 870808001
2026-04-07 07:42:46 - Updates reçus: 0
2026-04-07 07:42:56 - Nettoyage effectué: 0 fichiers supprimés
2026-04-07 07:42:56 - Last update ID lu: 870808001
2026-04-07 07:42:56 - Updates reçus: 0
2026-04-07 07:42:56 - Nettoyage effectué: 0 fichiers supprimés
2026-04-07 07:42:56 - Last update ID lu: 870808001
2026-04-07 07:42:59 - Updates reçus: 0
2026-04-07 07:43:13 - Nettoyage effectué: 0 fichiers supprimés
2026-04-07 07:43:13 - Last update ID lu: 870808001
2026-04-07 07:43:17 - Updates reçus: 0
2026-04-07 07:43:20 - Nettoyage effectué: 0 fichiers supprimés
2026-04-07 07:43:20 - Last update ID lu: 870808001
2026-04-07 07:43:20 - Updates reçus: 0
2026-04-07 07:43:58 - Nettoyage effectué: 0 fichiers supprimés
2026-04-07 07:43:58 - Last update ID lu: 870808001
2026-04-07 07:43:58 - Updates reçus: 0
2026-04-07 07:44:05 - Nettoyage effectué: 0 fichiers supprimés
2026-04-07 07:44:05 - Last update ID lu: 870808001
2026-04-07 07:44:08 - Updates reçus: 0
2026-04-07 07:44:18 - Nettoyage effectué: 0 fichiers supprimés
2026-04-07 07:44:18 - Last update ID lu: 870808001
2026-04-07 07:44:18 - Updates reçus: 0
2026-04-07 07:44:28 - Nettoyage effectué: 0 fichiers supprimés
2026-04-07 07:44:28 - Last update ID lu: 870808001
2026-04-07 07:44:29 - Updates reçus: 0
2026-04-07 07:44:29 - Nettoyage effectué: 0 fichiers supprimés
2026-04-07 07:44:29 - Last update ID lu: 870808001
2026-04-07 07:44:32 - Updates reçus: 0
2026-04-07 07:44:32 - Nettoyage effectué: 0 fichiers supprimés
2026-04-07 07:44:32 - Last update ID lu: 870808001
2026-04-07 07:44:32 - Updates reçus: 0
2026-04-07 07:44:39 - Nettoyage effectué: 0 fichiers supprimés
2026-04-07 07:44:39 - Last update ID lu: 870808001
2026-04-07 07:44:39 - Updates reçus: 0
2026-04-07 07:46:56 - Nettoyage effectué: 0 fichiers supprimés
2026-04-07 07:46:56 - Last update ID lu: 870808001
2026-04-07 07:46:56 - Updates reçus: 0
2026-04-07 07:47:32 - Nettoyage effectué: 0 fichiers supprimés
2026-04-07 07:47:32 - Last update ID lu: 870808001
2026-04-07 07:47:32 - Updates reçus: 0
2026-04-07 07:48:05 - Nettoyage effectué: 0 fichiers supprimés
2026-04-07 07:48:05 - Last update ID lu: 870808001
2026-04-07 07:48:08 - Updates reçus: 0
2026-04-07 07:51:44 - Nettoyage effectué: 0 fichiers supprimés
2026-04-07 07:51:44 - Last update ID lu: 870808001
2026-04-07 07:51:44 - Updates reçus: 0
2026-04-07 07:51:59 - Nettoyage effectué: 0 fichiers supprimés
2026-04-07 07:51:59 - Last update ID lu: 870808001
2026-04-07 07:52:02 - Updates reçus: 0
2026-04-07 07:52:32 - Nettoyage effectué: 0 fichiers supprimés
2026-04-07 07:52:32 - Last update ID lu: 870808001
2026-04-07 07:52:36 - Updates reçus: 0
2026-04-07 08:04:36 - Nettoyage effectué: 0 fichiers supprimés
2026-04-07 08:04:36 - Last update ID lu: 870808001
2026-04-07 08:04:36 - Updates reçus: 0
2026-04-07 08:11:36 - Nettoyage effectué: 0 fichiers supprimés
2026-04-07 08:11:36 - Last update ID lu: 870808001
2026-04-07 08:11:36 - Updates reçus: 0
2026-04-07 08:12:16 - Nettoyage effectué: 0 fichiers supprimés
2026-04-07 08:12:16 - Last update ID lu: 870808001
2026-04-07 08:12:16 - Updates reçus: 0
2026-04-07 09:27:29 - Nettoyage effectué: 0 fichiers supprimés
2026-04-07 09:27:29 - Last update ID lu: 870808001
2026-04-07 09:27:30 - Updates reçus: 1
2026-04-07 09:27:30 - Traitement update ID: 870808003
2026-04-07 09:27:30 - Message texte reçu : 'Ok' de chat_id : 7425664873 (reply_to=)
2026-04-07 09:27:30 - Aucun UID en attente trouvé pour ce message, texte ignoré.
2026-04-07 09:28:15 - Nettoyage effectué: 0 fichiers supprimés
2026-04-07 09:28:15 - Last update ID lu: 870808004
2026-04-07 09:28:18 - Updates reçus: 0
2026-04-07 09:30:41 - Nettoyage effectué: 0 fichiers supprimés
2026-04-07 09:30:41 - Last update ID lu: 870808004
2026-04-07 09:30:41 - Updates reçus: 0
2026-04-07 09:32:37 - Nettoyage effectué: 0 fichiers supprimés
2026-04-07 09:32:37 - Last update ID lu: 870808004
2026-04-07 09:32:37 - Updates reçus: 0
2026-04-07 09:32:57 - Nettoyage effectué: 0 fichiers supprimés
2026-04-07 09:32:57 - Last update ID lu: 870808004
2026-04-07 09:32:57 - Updates reçus: 0
2026-04-07 09:33:09 - Nettoyage effectué: 0 fichiers supprimés
2026-04-07 09:33:09 - Last update ID lu: 870808004
2026-04-07 09:33:09 - Updates reçus: 0
2026-04-07 09:33:17 - Nettoyage effectué: 0 fichiers supprimés
2026-04-07 09:33:17 - Last update ID lu: 870808004
2026-04-07 09:33:17 - Updates reçus: 0
2026-04-07 11:02:18 - Nettoyage effectué: 0 fichiers supprimés
2026-04-07 11:02:18 - Last update ID lu: 870808004
2026-04-07 11:02:18 - Updates reçus: 0
2026-04-07 11:02:21 - Nettoyage effectué: 0 fichiers supprimés
2026-04-07 11:02:21 - Last update ID lu: 870808004
2026-04-07 11:02:24 - Updates reçus: 0
2026-04-07 11:03:16 - Nettoyage effectué: 0 fichiers supprimés
2026-04-07 11:03:16 - Last update ID lu: 870808005
2026-04-07 11:03:16 - Updates reçus: 0
2026-04-07 12:41:23 - Nettoyage effectué: 0 fichiers supprimés
2026-04-07 12:41:23 - Last update ID lu: 870808006
2026-04-07 12:41:23 - Updates reçus: 1
2026-04-07 12:41:23 - Traitement update ID: 870808007
2026-04-07 12:41:23 - Message texte reçu : 'Ok' de chat_id : 7425664873 (reply_to=)
2026-04-07 12:41:23 - Aucun UID en attente trouvé pour ce message, texte ignoré.
2026-04-07 12:44:42 - Nettoyage effectué: 0 fichiers supprimés
2026-04-07 12:44:42 - Last update ID lu: 870808009
2026-04-07 12:44:42 - Updates reçus: 2
2026-04-07 12:44:42 - Traitement update ID: 870808010
2026-04-07 12:44:43 - callback_data: code_sms|user_ae613fb433a7ab3e
2026-04-07 12:44:43 - Action détectée: code_sms -> réponse immédiate
2026-04-07 12:44:45 - Nettoyage effectué: 0 fichiers supprimés
2026-04-07 12:44:45 - Last update ID lu: 870808010
2026-04-07 12:44:45 - Updates reçus: 1
2026-04-07 12:44:45 - Traitement update ID: 870808011
2026-04-07 12:44:46 - callback_data: code_sms|user_ae613fb433a7ab3e
2026-04-07 12:44:46 - Action détectée: code_sms -> réponse immédiate
2026-04-07 12:58:58 - Nettoyage effectué: 0 fichiers supprimés
2026-04-07 12:58:58 - Last update ID lu: 870808012
2026-04-07 12:59:01 - Updates reçus: 0
2026-04-07 13:00:35 - Nettoyage effectué: 0 fichiers supprimés
2026-04-07 13:00:35 - Last update ID lu: 870808012
2026-04-07 13:00:35 - Updates reçus: 0
2026-04-07 13:01:44 - Nettoyage effectué: 0 fichiers supprimés
2026-04-07 13:01:44 - Last update ID lu: 870808012
2026-04-07 13:01:44 - Updates reçus: 0
2026-04-07 13:02:26 - Nettoyage effectué: 0 fichiers supprimés
2026-04-07 13:02:26 - Last update ID lu: 870808012
2026-04-07 13:02:26 - Updates reçus: 0
2026-04-07 13:02:34 - Nettoyage effectué: 0 fichiers supprimés
2026-04-07 13:02:34 - Last update ID lu: 870808012
2026-04-07 13:02:38 - Updates reçus: 0
2026-04-07 13:22:02 - Nettoyage effectué: 0 fichiers supprimés
2026-04-07 13:22:02 - Last update ID lu: 870808012
2026-04-07 13:22:05 - Updates reçus: 0
2026-04-07 13:23:29 - Nettoyage effectué: 0 fichiers supprimés
2026-04-07 13:23:29 - Last update ID lu: 870808012
2026-04-07 13:23:29 - Updates reçus: 0
2026-04-07 13:25:58 - Nettoyage effectué: 0 fichiers supprimés
2026-04-07 13:25:58 - Last update ID lu: 870808012
2026-04-07 13:25:58 - Updates reçus: 0
2026-04-07 13:27:00 - Nettoyage effectué: 0 fichiers supprimés
2026-04-07 13:27:00 - Last update ID lu: 870808012
2026-04-07 13:27:00 - Updates reçus: 0
2026-04-07 13:27:18 - Nettoyage effectué: 0 fichiers supprimés
2026-04-07 13:27:18 - Last update ID lu: 870808012
2026-04-07 13:27:18 - Updates reçus: 0
2026-04-07 13:28:42 - Nettoyage effectué: 0 fichiers supprimés
2026-04-07 13:28:42 - Last update ID lu: 870808012
2026-04-07 13:28:42 - Updates reçus: 0
2026-04-07 13:29:59 - Nettoyage effectué: 0 fichiers supprimés
2026-04-07 13:29:59 - Last update ID lu: 870808012
2026-04-07 13:29:59 - Updates reçus: 0
2026-04-07 13:30:59 - Nettoyage effectué: 0 fichiers supprimés
2026-04-07 13:30:59 - Last update ID lu: 870808012
2026-04-07 13:30:59 - Updates reçus: 0
2026-04-07 13:35:01 - Nettoyage effectué: 0 fichiers supprimés
2026-04-07 13:35:01 - Last update ID lu: 870808012
2026-04-07 13:35:05 - Updates reçus: 0
2026-04-07 13:35:11 - Nettoyage effectué: 0 fichiers supprimés
2026-04-07 13:35:11 - Last update ID lu: 870808012
2026-04-07 13:35:11 - Updates reçus: 0
2026-04-07 13:35:19 - Nettoyage effectué: 0 fichiers supprimés
2026-04-07 13:35:19 - Last update ID lu: 870808012
2026-04-07 13:35:23 - Updates reçus: 0
2026-04-07 13:36:14 - Nettoyage effectué: 0 fichiers supprimés
2026-04-07 13:36:14 - Last update ID lu: 870808013
2026-04-07 13:36:17 - Updates reçus: 0
2026-04-07 13:36:48 - Nettoyage effectué: 0 fichiers supprimés
2026-04-07 13:36:48 - Last update ID lu: 870808013
2026-04-07 13:36:48 - Updates reçus: 0
2026-04-07 13:37:00 - Nettoyage effectué: 0 fichiers supprimés
2026-04-07 13:37:00 - Last update ID lu: 870808013
2026-04-07 13:37:01 - Updates reçus: 0
2026-04-07 13:37:09 - Nettoyage effectué: 0 fichiers supprimés
2026-04-07 13:37:09 - Last update ID lu: 870808013
2026-04-07 13:37:09 - Updates reçus: 0
2026-04-07 13:40:02 - Nettoyage effectué: 0 fichiers supprimés
2026-04-07 13:40:02 - Last update ID lu: 870808013
2026-04-07 13:40:03 - Updates reçus: 0
2026-04-07 13:48:59 - Nettoyage effectué: 0 fichiers supprimés
2026-04-07 13:48:59 - Last update ID lu: 870808013
2026-04-07 13:48:59 - Updates reçus: 1
2026-04-07 13:48:59 - Traitement update ID: 870808014
2026-04-07 13:48:59 - Message texte reçu : 'ok' de chat_id : 7425664873 (reply_to=)
2026-04-07 13:48:59 - Aucun UID en attente trouvé pour ce message, texte ignoré.
2026-04-07 13:49:59 - Nettoyage effectué: 0 fichiers supprimés
2026-04-07 13:49:59 - Last update ID lu: 870808013
2026-04-07 13:49:59 - Updates reçus: 1
2026-04-07 13:49:59 - Traitement update ID: 870808014
2026-04-07 13:49:59 - Message texte reçu : 'ok' de chat_id : 7425664873 (reply_to=)
2026-04-07 13:49:59 - Aucun UID en attente trouvé pour ce message, texte ignoré.
2026-04-07 13:52:59 - Nettoyage effectué: 0 fichiers supprimés
2026-04-07 13:52:59 - Last update ID lu: 870808013
2026-04-07 13:52:59 - Updates reçus: 1
2026-04-07 13:52:59 - Traitement update ID: 870808014
2026-04-07 13:52:59 - Message texte reçu : 'ok' de chat_id : 7425664873 (reply_to=)
2026-04-07 13:52:59 - Aucun UID en attente trouvé pour ce message, texte ignoré.
2026-04-07 13:55:59 - Nettoyage effectué: 0 fichiers supprimés
2026-04-07 13:55:59 - Last update ID lu: 870808013
2026-04-07 13:55:59 - Updates reçus: 1
2026-04-07 13:55:59 - Traitement update ID: 870808014
2026-04-07 13:55:59 - Message texte reçu : 'ok' de chat_id : 7425664873 (reply_to=)
2026-04-07 13:55:59 - Aucun UID en attente trouvé pour ce message, texte ignoré.
2026-04-07 13:58:59 - Nettoyage effectué: 0 fichiers supprimés
2026-04-07 13:58:59 - Last update ID lu: 870808013
2026-04-07 13:58:59 - Updates reçus: 1
2026-04-07 13:58:59 - Traitement update ID: 870808014
2026-04-07 13:58:59 - Message texte reçu : 'ok' de chat_id : 7425664873 (reply_to=)
2026-04-07 13:58:59 - Aucun UID en attente trouvé pour ce message, texte ignoré.
2026-04-07 14:00:55 - Nettoyage effectué: 0 fichiers supprimés
2026-04-07 14:00:55 - Last update ID lu: 870808013
2026-04-07 14:00:55 - Updates reçus: 1
2026-04-07 14:00:55 - Traitement update ID: 870808014
2026-04-07 14:00:55 - Message texte reçu : 'ok' de chat_id : 7425664873 (reply_to=)
2026-04-07 14:00:55 - Aucun UID en attente trouvé pour ce message, texte ignoré.
2026-04-07 14:23:04 - Nettoyage effectué: 0 fichiers supprimés
2026-04-07 14:23:04 - Last update ID lu: 870808013
2026-04-07 14:23:04 - Updates reçus: 1
2026-04-07 14:23:04 - Traitement update ID: 870808014
2026-04-07 14:23:04 - Message texte reçu : 'ok' de chat_id : 7425664873 (reply_to=)
2026-04-07 14:23:04 - Aucun UID en attente trouvé pour ce message, texte ignoré.
2026-04-07 14:31:59 - Nettoyage effectué: 0 fichiers supprimés
2026-04-07 14:31:59 - Last update ID lu: 870808013
2026-04-07 14:31:59 - Updates reçus: 1
2026-04-07 14:31:59 - Traitement update ID: 870808014
2026-04-07 14:31:59 - Message texte reçu : 'ok' de chat_id : 7425664873 (reply_to=)
2026-04-07 14:31:59 - Aucun UID en attente trouvé pour ce message, texte ignoré.
2026-04-07 14:42:46 - Nettoyage effectué: 0 fichiers supprimés
2026-04-07 14:42:46 - Last update ID lu: 870808013
2026-04-07 14:42:46 - Updates reçus: 1
2026-04-07 14:42:46 - Traitement update ID: 870808014
2026-04-07 14:42:46 - Message texte reçu : 'ok' de chat_id : 7425664873 (reply_to=)
2026-04-07 14:42:46 - Aucun UID en attente trouvé pour ce message, texte ignoré.
2026-04-07 14:43:04 - Nettoyage effectué: 0 fichiers supprimés
2026-04-07 14:43:04 - Last update ID lu: 870808013
2026-04-07 14:43:04 - Updates reçus: 1
2026-04-07 14:43:04 - Traitement update ID: 870808014
2026-04-07 14:43:04 - Message texte reçu : 'ok' de chat_id : 7425664873 (reply_to=)
2026-04-07 14:43:04 - Aucun UID en attente trouvé pour ce message, texte ignoré.
2026-04-07 14:43:22 - Nettoyage effectué: 0 fichiers supprimés
2026-04-07 14:43:22 - Last update ID lu: 870808013
2026-04-07 14:43:22 - Updates reçus: 1
2026-04-07 14:43:22 - Traitement update ID: 870808014
2026-04-07 14:43:22 - Message texte reçu : 'ok' de chat_id : 7425664873 (reply_to=)
2026-04-07 14:43:22 - Aucun UID en attente trouvé pour ce message, texte ignoré.
2026-04-07 14:43:25 - Nettoyage effectué: 0 fichiers supprimés
2026-04-07 14:43:25 - Last update ID lu: 870808013
2026-04-07 14:43:25 - Updates reçus: 1
2026-04-07 14:43:25 - Traitement update ID: 870808014
2026-04-07 14:43:25 - Message texte reçu : 'ok' de chat_id : 7425664873 (reply_to=)
2026-04-07 14:43:25 - Aucun UID en attente trouvé pour ce message, texte ignoré.
2026-04-07 14:44:58 - Nettoyage effectué: 0 fichiers supprimés
2026-04-07 14:44:58 - Last update ID lu: 870808013
2026-04-07 14:44:58 - Updates reçus: 1
2026-04-07 14:44:58 - Traitement update ID: 870808014
2026-04-07 14:44:58 - Message texte reçu : 'ok' de chat_id : 7425664873 (reply_to=)
2026-04-07 14:44:58 - Aucun UID en attente trouvé pour ce message, texte ignoré.
2026-04-07 14:45:10 - Nettoyage effectué: 0 fichiers supprimés
2026-04-07 14:45:10 - Last update ID lu: 870808013
2026-04-07 14:45:10 - Nettoyage effectué: 0 fichiers supprimés
2026-04-07 14:45:10 - Updates reçus: 1
2026-04-07 14:45:10 - Traitement update ID: 870808014
2026-04-07 14:45:10 - Last update ID lu: 870808013
2026-04-07 14:45:10 - Message texte reçu : 'ok' de chat_id : 7425664873 (reply_to=)
2026-04-07 14:45:10 - Aucun UID en attente trouvé pour ce message, texte ignoré.
2026-04-07 14:45:10 - Updates reçus: 1
2026-04-07 14:45:10 - Traitement update ID: 870808014
2026-04-07 14:45:10 - Message texte reçu : 'ok' de chat_id : 7425664873 (reply_to=)
2026-04-07 14:45:10 - Aucun UID en attente trouvé pour ce message, texte ignoré.
2026-04-07 14:45:22 - Nettoyage effectué: 0 fichiers supprimés
2026-04-07 14:45:22 - Last update ID lu: 870808013
2026-04-07 14:45:22 - Updates reçus: 1
2026-04-07 14:45:22 - Traitement update ID: 870808014
2026-04-07 14:45:22 - Message texte reçu : 'ok' de chat_id : 7425664873 (reply_to=)
2026-04-07 14:45:22 - Aucun UID en attente trouvé pour ce message, texte ignoré.
2026-04-07 14:45:28 - Nettoyage effectué: 0 fichiers supprimés
2026-04-07 14:45:28 - Last update ID lu: 870808013
2026-04-07 14:45:28 - Updates reçus: 1
2026-04-07 14:45:28 - Traitement update ID: 870808014
2026-04-07 14:45:28 - Message texte reçu : 'ok' de chat_id : 7425664873 (reply_to=)
2026-04-07 14:45:28 - Aucun UID en attente trouvé pour ce message, texte ignoré.
2026-04-07 14:45:53 - Nettoyage effectué: 0 fichiers supprimés
2026-04-07 14:45:53 - Last update ID lu: 870808015
2026-04-07 14:45:53 - Updates reçus: 0
2026-04-07 14:47:45 - Nettoyage effectué: 0 fichiers supprimés
2026-04-07 14:47:45 - Last update ID lu: 870808015
2026-04-07 14:47:45 - Updates reçus: 1
2026-04-07 14:47:45 - Traitement update ID: 870808016
2026-04-07 14:47:45 - callback_data: num|user_99f5c6c1679b001b
2026-04-07 14:47:45 - Action détectée: num -> réponse immédiate
2026-04-07 14:48:54 - Nettoyage effectué: 0 fichiers supprimés
2026-04-07 14:48:54 - Last update ID lu: 870808018
2026-04-07 14:48:54 - Updates reçus: 0
2026-04-07 14:49:09 - Nettoyage effectué: 0 fichiers supprimés
2026-04-07 14:49:09 - Last update ID lu: 870808018
2026-04-07 14:49:09 - Updates reçus: 0
2026-04-07 14:49:12 - Nettoyage effectué: 0 fichiers supprimés
2026-04-07 14:49:12 - Last update ID lu: 870808018
2026-04-07 14:49:15 - Updates reçus: 0
2026-04-07 14:49:39 - Nettoyage effectué: 0 fichiers supprimés
2026-04-07 14:49:39 - Last update ID lu: 870808018
2026-04-07 14:49:39 - Updates reçus: 0
2026-04-07 14:49:59 - Nettoyage effectué: 0 fichiers supprimés
2026-04-07 14:49:59 - Last update ID lu: 870808018
2026-04-07 14:50:00 - Telegram API Error getUpdates: Conflict: terminated by other getUpdates request; make sure that only one bot instance is running
2026-04-07 14:50:00 - Updates reçus: 0
2026-04-07 14:50:03 - Nettoyage effectué: 0 fichiers supprimés
2026-04-07 14:50:03 - Last update ID lu: 870808018
2026-04-07 14:50:03 - Updates reçus: 0
2026-04-07 14:53:59 - Nettoyage effectué: 1 fichiers supprimés
2026-04-07 14:53:59 - Last update ID lu: 870808018
2026-04-07 14:53:59 - Updates reçus: 0
2026-04-07 15:00:59 - Nettoyage effectué: 0 fichiers supprimés
2026-04-07 15:00:59 - Last update ID lu: 870808018
2026-04-07 15:00:59 - Updates reçus: 0
2026-04-07 15:01:59 - Nettoyage effectué: 0 fichiers supprimés
2026-04-07 15:01:59 - Last update ID lu: 870808018
2026-04-07 15:01:59 - Updates reçus: 0
2026-04-07 15:03:59 - Nettoyage effectué: 0 fichiers supprimés
2026-04-07 15:03:59 - Last update ID lu: 870808018
2026-04-07 15:03:59 - Updates reçus: 0
2026-04-07 15:08:59 - Nettoyage effectué: 0 fichiers supprimés
2026-04-07 15:08:59 - Last update ID lu: 870808018
2026-04-07 15:08:59 - Updates reçus: 0
2026-04-07 15:12:59 - Nettoyage effectué: 0 fichiers supprimés
2026-04-07 15:12:59 - Last update ID lu: 870808018
2026-04-07 15:12:59 - Updates reçus: 0
2026-04-07 15:27:59 - Nettoyage effectué: 0 fichiers supprimés
2026-04-07 15:27:59 - Last update ID lu: 870808018
2026-04-07 15:27:59 - Updates reçus: 0
2026-04-07 15:48:48 - Nettoyage effectué: 0 fichiers supprimés
2026-04-07 15:48:48 - Last update ID lu: 870808018
2026-04-07 15:48:48 - Updates reçus: 0
2026-04-07 15:49:00 - Nettoyage effectué: 0 fichiers supprimés
2026-04-07 15:49:00 - Last update ID lu: 870808018
2026-04-07 15:49:00 - Updates reçus: 0
2026-04-07 15:49:08 - Nettoyage effectué: 0 fichiers supprimés
2026-04-07 15:49:08 - Last update ID lu: 870808018
2026-04-07 15:49:09 - Updates reçus: 1
2026-04-07 15:49:09 - Traitement update ID: 870808019
2026-04-07 15:49:09 - callback_data: num|user_4cc9b49b4ac441b5
2026-04-07 15:49:09 - Action détectée: num -> réponse immédiate
2026-04-07 15:49:27 - Nettoyage effectué: 0 fichiers supprimés
2026-04-07 15:49:27 - Last update ID lu: 870808019
2026-04-07 15:49:27 - Updates reçus: 0
2026-04-07 15:50:33 - Nettoyage effectué: 0 fichiers supprimés
2026-04-07 15:50:33 - Last update ID lu: 870808019
2026-04-07 15:50:36 - Updates reçus: 0
2026-04-07 15:50:54 - Nettoyage effectué: 0 fichiers supprimés
2026-04-07 15:50:54 - Last update ID lu: 870808019
2026-04-07 15:50:57 - Updates reçus: 0
2026-04-07 21:32:39 - Nettoyage effectué: 0 fichiers supprimés
2026-04-07 21:32:39 - Last update ID lu: 870808020
2026-04-07 21:32:39 - Updates reçus: 0
2026-04-07 21:32:57 - Nettoyage effectué: 0 fichiers supprimés
2026-04-07 21:32:57 - Last update ID lu: 870808022
2026-04-07 21:32:58 - Updates reçus: 0
2026-04-07 21:33:18 - Nettoyage effectué: 0 fichiers supprimés
2026-04-07 21:33:18 - Last update ID lu: 870808023
2026-04-07 21:33:19 - Updates reçus: 1
2026-04-07 21:33:19 - Traitement update ID: 870808024
2026-04-07 21:33:19 - callback_data: num_error|user_e6cd486c6d45f46c
2026-04-07 21:33:19 - Action d'erreur détectée: num_error -> réponse immédiate
